[INFO ] 2023-09-07 21:14:51.573 [main] ReportManager - 
[0;7m------------------------------------------------------------------------------------------------------------------------------------------------
                                                        Powered by [1m7.3.20230804[22m                                                        
------------------------------------------------------------------------------------------------------------------------------------------------
[0m
[INFO ] 2023-09-07 21:14:54.046 [main] ReportManager - Loaded OpenCV "opencv_java470".
[INFO ] 2023-09-07 21:14:54.046 [main] ReportManager - Initializing Allure Reporting Environment...
[INFO ] 2023-09-07 21:14:54.115 [main] ReportManager - Initializing Extent Reporting Environment...
[INFO ] 2023-09-07 21:14:54.461 [main] ReportManager - Initializing Summary Reporting Environment...
[INFO ] 2023-09-07 21:14:54.652 [main] Utils - [TestNG] Running:
  C:\Users\Asus\AppData\Local\JetBrains\IdeaIE2022.2\temp-testng-customsuite.xml

[INFO ] 2023-09-07 21:14:54.684 [main] ReportManager - 
[0;7m------------------------------------------------------------------------------------------------------------------------------------------------
                                             Starting execution of suite setup configuration method                                             
                                          'com.shaft.listeners.internal.ConfigurationHelper.suiteSetup'                                          
------------------------------------------------------------------------------------------------------------------------------------------------
[0m
[INFO ] 2023-09-07 21:14:54.783 [main] ReportManager - Initializing Important Links...
[INFO ] 2023-09-07 21:14:54.791 [main] ReportManager - Initializing Properties...
[INFO ] 2023-09-07 21:14:54.905 [main] ReportManager - 
[0;7m------------------------------------------------------------------------------------------------------------------------------------------------
                                               Starting execution of set  up configuration method                                               
                                                            'tests.test.test1.set_up'                                                            
------------------------------------------------------------------------------------------------------------------------------------------------
[0m
[INFO ] 2023-09-07 21:14:54.923 [main] ReportManager - Setting "targetOperatingSystem" property with "windows".
[INFO ] 2023-09-07 21:14:54.935 [main] ReportManager - Capabilities {acceptInsecureCerts: true, browserName: chrome, goog:chromeOptions: {args: [--start-maximized, --remote-allow-origins=*, --enable-automation, --disable-background-timer-..., --disable-backgrounding-occ..., --disable-features=Calculat..., --disable-hang-monitor, --disable-domain-reliability, --disable-renderer-backgrou..., --disable-features=Autofill..., --metrics-recording-only, --no-first-run, --no-default-browser-check, --silent-debugger-extension..., --disable-extensions, --disable-component-extensi..., --disable-dev-shm-usage, --disable-features=MediaRouter, --disable-features=Translate, --disable-ipc-flooding-prot..., --disable-background-networ..., --mute-audio, --disable-breakpad, --ignore-certificate-errors, --disable-device-discovery-..., --force-color-profile=srgb, --hide-scrollbars, --host-resolver-rules, --no-pings, --disable-features=AvoidUnn..., --disable-features=Certific..., --disable-sync, --disable-features=Optimiza..., --disable-features=DialMedi..., --disable-features=GlobalMe..., --disable-features=Improved..., --disable-features=LazyFram..., --disable-field-trial-config, --enable-features=NetworkSe..., --enable-features=NetworkSe..., --enable-use-zoom-for-dsf, --log-net-log, --net-log-capture-mode, --disable-client-side-phish..., --disable-default-apps, --disable-features=Interest...], extensions: [], prefs: {download.default_directory: C:\Users\Asus\IdeaProjects\..., download.prompt_for_download: false, profile.default_content_settings.popups: 0}}, pageLoadStrategy: none, timeouts: {pageLoad: 60000, script: 30000}, unhandledPromptBehavior: accept and notify}
[INFO ] 2023-09-07 21:14:54.936 [main] ReportManager - Attempting to run locally on: "windows | Chrome".
[INFO ] 2023-09-07 21:14:54.937 [main] ReportManager - Identifying OS/Driver combination and selecting the correct driver version automatically. Please note that if a new driver executable will be downloaded it may take some time...
[DEBUG] 2023-09-07 21:14:55.250 [main] ResolutionCache - Resolution chrome=116 in cache (valid until 21:33:13 07/09/2023 EEST)
[DEBUG] 2023-09-07 21:14:55.250 [main] ResolutionCache - Resolution chrome116=116.0.5845.96 in cache (valid until 21:28:53 07/09/2023 EEST)
[INFO ] 2023-09-07 21:14:55.252 [main] WebDriverManager - Using chromedriver 116.0.5845.96 (resolved driver for Chrome 116)
[DEBUG] 2023-09-07 21:14:55.261 [main] WebDriverManager - Driver chromedriver 116.0.5845.96 found in cache
[INFO ] 2023-09-07 21:14:55.262 [main] WebDriverManager - Exporting webdriver.chrome.driver as C:\Users\Asus\.cache\selenium\chromedriver\win64\116.0.5845.96\chromedriver.exe
[WARN ] 2023-09-07 21:14:56.622 [main] ReportManager - Sep 07, 2023 9:14:56 PM org.openqa.selenium.devtools.CdpVersionFinder findNearestMatch
[WARN ] 2023-09-07 21:14:56.622 [main] ReportManager - WARNING: Unable to find an exact match for CDP version 116, so returning the closest version found: 115
[INFO ] 2023-09-07 21:14:56.630 [main] ReportManager - Successfully Opened: "windows | Chrome".
[INFO ] 2023-09-07 21:14:56.637 [main] ReportManager - Target URL: "https://www.saucedemo.com/"
[INFO ] 2023-09-07 21:14:56.669 [main] ReportManager - Initial URL: "data:,"
[INFO ] 2023-09-07 21:14:58.648 [main] ReportManager - Navigate to url "https://www.saucedemo.com/".
[INFO ] 2023-09-07 21:14:58.720 [main] ReportManager - 
[0;7m------------------------------------------------------------------------------------------------------------------------------------------------
                                        Starting Execution: '1 out of 1' test cases in the current suite                                        
                                                      Test Method: 'tests.test.test1.Order'                                                      
------------------------------------------------------------------------------------------------------------------------------------------------
[0m
[INFO ] 2023-09-07 21:14:58.858 [main] ReportManager - Type "standard_user" into "Username".
[INFO ] 2023-09-07 21:14:58.949 [main] ReportManager - Type "secret_sauce" into "Password".
[INFO ] 2023-09-07 21:14:59.137 [main] ReportManager - Moved the mouse to the middle of the element.
[INFO ] 2023-09-07 21:14:59.193 [main] ReportManager - Click "Login".
[INFO ] 2023-09-07 21:14:59.464 [main] ReportManager - Select "Price (low to high)" from "By.xpath: //*[@class='product_sort_container']".
[INFO ] 2023-09-07 21:14:59.622 [main] ReportManager - Moved the mouse to the middle of the element.
[INFO ] 2023-09-07 21:14:59.648 [main] ReportManager - Click "Add to cart".
[INFO ] 2023-09-07 21:14:59.823 [main] ReportManager - Moved the mouse to the middle of the element.
[INFO ] 2023-09-07 21:14:59.852 [main] ReportManager - Click "1".
[INFO ] 2023-09-07 21:15:00.025 [main] ReportManager - Moved the mouse to the middle of the element.
[INFO ] 2023-09-07 21:15:00.053 [main] ReportManager - Click "Checkout".
[INFO ] 2023-09-07 21:15:00.137 [main] ReportManager - Type "Rania" into "First Name".
[INFO ] 2023-09-07 21:15:00.228 [main] ReportManager - Type "Mokhtar" into "Last Name".
[INFO ] 2023-09-07 21:15:00.315 [main] ReportManager - Type "123" into "Zip/Postal Code".
[INFO ] 2023-09-07 21:15:00.463 [main] ReportManager - Moved the mouse to the middle of the element.
[INFO ] 2023-09-07 21:15:00.494 [main] ReportManager - Click "Continue".
[INFO ] 2023-09-07 21:15:00.665 [main] ReportManager - Moved the mouse to the middle of the element.
[INFO ] 2023-09-07 21:15:00.694 [main] ReportManager - Click "Finish".
[INFO ] 2023-09-07 21:15:00.738 [main] ReportManager - Get text "Thank you for your order!" from "Thank you for your order!".
[INFO ] 2023-09-07 21:15:00.750 [main] ReportManager - Successfully created attachment 'SHAFT Engine Logs - Current Method log: set_up'
[INFO ] 2023-09-07 21:15:00.751 [main] ReportManager - Successfully created attachment 'SHAFT Engine Logs - Current Method log: Order'
[INFO ] 2023-09-07 21:15:00.764 [main] ReportManager - 
[0;7m------------------------------------------------------------------------------------------------------------------------------------------------
                                              Starting execution of tear down configuration method                                              
                                                           'tests.test.test1.tearDown'                                                           
------------------------------------------------------------------------------------------------------------------------------------------------
[0m
[INFO ] 2023-09-07 21:15:00.859 [main] ReportManager - 
[0;7m------------------------------------------------------------------------------------------------------------------------------------------------
                                           Starting execution of engine teardown configuration method                                           
                                        'com.shaft.listeners.internal.ConfigurationHelper.engineTeardown'                                        
------------------------------------------------------------------------------------------------------------------------------------------------
[0m
[INFO ] 2023-09-07 21:15:00.860 [main] ReportManager - Successfully created attachment 'SHAFT Engine Logs - Execution log'
[INFO ] 2023-09-07 21:15:00.861 [main] ReportManager - File Action "DoesFileExist" successfully performed. With the following test data "File Path: "target/logs/log4j.log"".
[INFO ] 2023-09-07 21:15:00.861 [main] ReportManager - File Action "GetAbsolutePath" successfully performed. With the following test data "Relative Folder Path: "target/logs/log4j.log"".
[INFO ] 2023-09-07 21:15:00.862 [main] ReportManager - File Action "ReadFileAsByteArray" successfully performed. With the following test data "File Path: "C:\Users\Asus\IdeaProjects\Shaft_example\target\logs\log4j.log"".
[INFO ] 2023-09-07 21:15:00.863 [main] ReportManager - File Action "DeleteFile" successfully performed. With the following test data "Target File Path: "target/logs/log4j.log", file was not deleted.".
[INFO ] 2023-09-07 21:15:00.864 [main] ReportManager - Successfully created attachment 'SHAFT Engine Logs - Execution log: 20230907-211500'
[DEBUG] 2023-09-07 21:15:00.892 [main] cache - Couldn't find template in cache for "spark/spark.spa.ftl"("en_US", UTF-8, parsed); will try to load it.
[DEBUG] 2023-09-07 21:15:00.893 [main] cache - TemplateLoader.findTemplateSource("spark/spark.spa_en_US.ftl"): Not found
[DEBUG] 2023-09-07 21:15:00.894 [main] cache - TemplateLoader.findTemplateSource("spark/spark.spa_en.ftl"): Not found
[DEBUG] 2023-09-07 21:15:00.894 [main] cache - TemplateLoader.findTemplateSource("spark/spark.spa.ftl"): Found
[DEBUG] 2023-09-07 21:15:00.895 [main] cache - Loading template for "spark/spark.spa.ftl"("en_US", UTF-8, parsed) from "jar:file:/C:/Users/Asus/.m2/repository/com/aventstack/extentreports/5.0.9/extentreports-5.0.9.jar!/com/aventstack/extentreports/templates/spark/spark.spa.ftl"
[DEBUG] 2023-09-07 21:15:00.970 [main] cache - Couldn't find template in cache for "commons/commons-variables.ftl"("en_US", UTF-8, parsed); will try to load it.
[DEBUG] 2023-09-07 21:15:00.970 [main] cache - TemplateLoader.findTemplateSource("commons/commons-variables_en_US.ftl"): Not found
[DEBUG] 2023-09-07 21:15:00.971 [main] cache - TemplateLoader.findTemplateSource("commons/commons-variables_en.ftl"): Not found
[DEBUG] 2023-09-07 21:15:00.971 [main] cache - TemplateLoader.findTemplateSource("commons/commons-variables.ftl"): Found
[DEBUG] 2023-09-07 21:15:00.971 [main] cache - Loading template for "commons/commons-variables.ftl"("en_US", UTF-8, parsed) from "jar:file:/C:/Users/Asus/.m2/repository/com/aventstack/extentreports/5.0.9/extentreports-5.0.9.jar!/com/aventstack/extentreports/templates/commons/commons-variables.ftl"
[DEBUG] 2023-09-07 21:15:01.079 [main] cache - Couldn't find template in cache for "commons/commons-macros.ftl"("en_US", UTF-8, parsed); will try to load it.
[DEBUG] 2023-09-07 21:15:01.079 [main] cache - TemplateLoader.findTemplateSource("commons/commons-macros_en_US.ftl"): Not found
[DEBUG] 2023-09-07 21:15:01.079 [main] cache - TemplateLoader.findTemplateSource("commons/commons-macros_en.ftl"): Not found
[DEBUG] 2023-09-07 21:15:01.079 [main] cache - TemplateLoader.findTemplateSource("commons/commons-macros.ftl"): Found
[DEBUG] 2023-09-07 21:15:01.079 [main] cache - Loading template for "commons/commons-macros.ftl"("en_US", UTF-8, parsed) from "jar:file:/C:/Users/Asus/.m2/repository/com/aventstack/extentreports/5.0.9/extentreports-5.0.9.jar!/com/aventstack/extentreports/templates/commons/commons-macros.ftl"
[DEBUG] 2023-09-07 21:15:01.084 [main] cache - Couldn't find template in cache for "spark/macros/attributes.ftl"("en_US", UTF-8, parsed); will try to load it.
[DEBUG] 2023-09-07 21:15:01.085 [main] cache - TemplateLoader.findTemplateSource("spark/macros/attributes_en_US.ftl"): Not found
[DEBUG] 2023-09-07 21:15:01.085 [main] cache - TemplateLoader.findTemplateSource("spark/macros/attributes_en.ftl"): Not found
[DEBUG] 2023-09-07 21:15:01.085 [main] cache - TemplateLoader.findTemplateSource("spark/macros/attributes.ftl"): Found
[DEBUG] 2023-09-07 21:15:01.085 [main] cache - Loading template for "spark/macros/attributes.ftl"("en_US", UTF-8, parsed) from "jar:file:/C:/Users/Asus/.m2/repository/com/aventstack/extentreports/5.0.9/extentreports-5.0.9.jar!/com/aventstack/extentreports/templates/spark/macros/attributes.ftl"
[DEBUG] 2023-09-07 21:15:01.087 [main] cache - Couldn't find template in cache for "spark/macros/log.ftl"("en_US", UTF-8, parsed); will try to load it.
[DEBUG] 2023-09-07 21:15:01.087 [main] cache - TemplateLoader.findTemplateSource("spark/macros/log_en_US.ftl"): Not found
[DEBUG] 2023-09-07 21:15:01.088 [main] cache - TemplateLoader.findTemplateSource("spark/macros/log_en.ftl"): Not found
[DEBUG] 2023-09-07 21:15:01.088 [main] cache - TemplateLoader.findTemplateSource("spark/macros/log.ftl"): Found
[DEBUG] 2023-09-07 21:15:01.088 [main] cache - Loading template for "spark/macros/log.ftl"("en_US", UTF-8, parsed) from "jar:file:/C:/Users/Asus/.m2/repository/com/aventstack/extentreports/5.0.9/extentreports-5.0.9.jar!/com/aventstack/extentreports/templates/spark/macros/log.ftl"
[DEBUG] 2023-09-07 21:15:01.089 [main] cache - Couldn't find template in cache for "spark/macros/recurse_nodes.ftl"("en_US", UTF-8, parsed); will try to load it.
[DEBUG] 2023-09-07 21:15:01.089 [main] cache - TemplateLoader.findTemplateSource("spark/macros/recurse_nodes_en_US.ftl"): Not found
[DEBUG] 2023-09-07 21:15:01.089 [main] cache - TemplateLoader.findTemplateSource("spark/macros/recurse_nodes_en.ftl"): Not found
[DEBUG] 2023-09-07 21:15:01.089 [main] cache - TemplateLoader.findTemplateSource("spark/macros/recurse_nodes.ftl"): Found
[DEBUG] 2023-09-07 21:15:01.089 [main] cache - Loading template for "spark/macros/recurse_nodes.ftl"("en_US", UTF-8, parsed) from "jar:file:/C:/Users/Asus/.m2/repository/com/aventstack/extentreports/5.0.9/extentreports-5.0.9.jar!/com/aventstack/extentreports/templates/spark/macros/recurse_nodes.ftl"
[DEBUG] 2023-09-07 21:15:01.091 [main] cache - "spark/macros/log.ftl"("en_US", UTF-8, parsed) cached copy not yet stale; using cached.
[DEBUG] 2023-09-07 21:15:01.091 [main] cache - Couldn't find template in cache for "spark/macros/attr-common.ftl"("en_US", UTF-8, parsed); will try to load it.
[DEBUG] 2023-09-07 21:15:01.091 [main] cache - TemplateLoader.findTemplateSource("spark/macros/attr-common_en_US.ftl"): Not found
[DEBUG] 2023-09-07 21:15:01.092 [main] cache - TemplateLoader.findTemplateSource("spark/macros/attr-common_en.ftl"): Not found
[DEBUG] 2023-09-07 21:15:01.092 [main] cache - TemplateLoader.findTemplateSource("spark/macros/attr-common.ftl"): Found
[DEBUG] 2023-09-07 21:15:01.092 [main] cache - Loading template for "spark/macros/attr-common.ftl"("en_US", UTF-8, parsed) from "jar:file:/C:/Users/Asus/.m2/repository/com/aventstack/extentreports/5.0.9/extentreports-5.0.9.jar!/com/aventstack/extentreports/templates/spark/macros/attr-common.ftl"
[DEBUG] 2023-09-07 21:15:01.097 [main] cache - Couldn't find template in cache for "spark/partials/head.ftl"("en_US", UTF-8, parsed); will try to load it.
[DEBUG] 2023-09-07 21:15:01.097 [main] cache - TemplateLoader.findTemplateSource("spark/partials/head_en_US.ftl"): Not found
[DEBUG] 2023-09-07 21:15:01.098 [main] cache - TemplateLoader.findTemplateSource("spark/partials/head_en.ftl"): Not found
[DEBUG] 2023-09-07 21:15:01.098 [main] cache - TemplateLoader.findTemplateSource("spark/partials/head.ftl"): Found
[DEBUG] 2023-09-07 21:15:01.098 [main] cache - Loading template for "spark/partials/head.ftl"("en_US", UTF-8, parsed) from "jar:file:/C:/Users/Asus/.m2/repository/com/aventstack/extentreports/5.0.9/extentreports-5.0.9.jar!/com/aventstack/extentreports/templates/spark/partials/head.ftl"
[DEBUG] 2023-09-07 21:15:01.101 [main] cache - Couldn't find template in cache for "commons/commons-inject-css.ftl"("en_US", UTF-8, parsed); will try to load it.
[DEBUG] 2023-09-07 21:15:01.101 [main] cache - TemplateLoader.findTemplateSource("commons/commons-inject-css_en_US.ftl"): Not found
[DEBUG] 2023-09-07 21:15:01.101 [main] cache - TemplateLoader.findTemplateSource("commons/commons-inject-css_en.ftl"): Not found
[DEBUG] 2023-09-07 21:15:01.102 [main] cache - TemplateLoader.findTemplateSource("commons/commons-inject-css.ftl"): Found
[DEBUG] 2023-09-07 21:15:01.102 [main] cache - Loading template for "commons/commons-inject-css.ftl"("en_US", UTF-8, parsed) from "jar:file:/C:/Users/Asus/.m2/repository/com/aventstack/extentreports/5.0.9/extentreports-5.0.9.jar!/com/aventstack/extentreports/templates/commons/commons-inject-css.ftl"
[DEBUG] 2023-09-07 21:15:01.103 [main] cache - Couldn't find template in cache for "spark/partials/navbar.ftl"("en_US", UTF-8, parsed); will try to load it.
[DEBUG] 2023-09-07 21:15:01.103 [main] cache - TemplateLoader.findTemplateSource("spark/partials/navbar_en_US.ftl"): Not found
[DEBUG] 2023-09-07 21:15:01.103 [main] cache - TemplateLoader.findTemplateSource("spark/partials/navbar_en.ftl"): Not found
[DEBUG] 2023-09-07 21:15:01.104 [main] cache - TemplateLoader.findTemplateSource("spark/partials/navbar.ftl"): Found
[DEBUG] 2023-09-07 21:15:01.104 [main] cache - Loading template for "spark/partials/navbar.ftl"("en_US", UTF-8, parsed) from "jar:file:/C:/Users/Asus/.m2/repository/com/aventstack/extentreports/5.0.9/extentreports-5.0.9.jar!/com/aventstack/extentreports/templates/spark/partials/navbar.ftl"
[DEBUG] 2023-09-07 21:15:01.115 [main] cache - Couldn't find template in cache for "spark/partials/sidenav.ftl"("en_US", UTF-8, parsed); will try to load it.
[DEBUG] 2023-09-07 21:15:01.115 [main] cache - TemplateLoader.findTemplateSource("spark/partials/sidenav_en_US.ftl"): Not found
[DEBUG] 2023-09-07 21:15:01.116 [main] cache - TemplateLoader.findTemplateSource("spark/partials/sidenav_en.ftl"): Not found
[DEBUG] 2023-09-07 21:15:01.116 [main] cache - TemplateLoader.findTemplateSource("spark/partials/sidenav.ftl"): Found
[DEBUG] 2023-09-07 21:15:01.116 [main] cache - Loading template for "spark/partials/sidenav.ftl"("en_US", UTF-8, parsed) from "jar:file:/C:/Users/Asus/.m2/repository/com/aventstack/extentreports/5.0.9/extentreports-5.0.9.jar!/com/aventstack/extentreports/templates/spark/partials/sidenav.ftl"
[DEBUG] 2023-09-07 21:15:01.132 [main] cache - Couldn't find template in cache for "spark/partials/dashboard.ftl"("en_US", UTF-8, parsed); will try to load it.
[DEBUG] 2023-09-07 21:15:01.132 [main] cache - TemplateLoader.findTemplateSource("spark/partials/dashboard_en_US.ftl"): Not found
[DEBUG] 2023-09-07 21:15:01.133 [main] cache - TemplateLoader.findTemplateSource("spark/partials/dashboard_en.ftl"): Not found
[DEBUG] 2023-09-07 21:15:01.133 [main] cache - TemplateLoader.findTemplateSource("spark/partials/dashboard.ftl"): Found
[DEBUG] 2023-09-07 21:15:01.133 [main] cache - Loading template for "spark/partials/dashboard.ftl"("en_US", UTF-8, parsed) from "jar:file:/C:/Users/Asus/.m2/repository/com/aventstack/extentreports/5.0.9/extentreports-5.0.9.jar!/com/aventstack/extentreports/templates/spark/partials/dashboard.ftl"
[DEBUG] 2023-09-07 21:15:01.176 [main] cache - Couldn't find template in cache for "spark/partials/test.ftl"("en_US", UTF-8, parsed); will try to load it.
[DEBUG] 2023-09-07 21:15:01.177 [main] cache - TemplateLoader.findTemplateSource("spark/partials/test_en_US.ftl"): Not found
[DEBUG] 2023-09-07 21:15:01.177 [main] cache - TemplateLoader.findTemplateSource("spark/partials/test_en.ftl"): Not found
[DEBUG] 2023-09-07 21:15:01.178 [main] cache - TemplateLoader.findTemplateSource("spark/partials/test.ftl"): Found
[DEBUG] 2023-09-07 21:15:01.178 [main] cache - Loading template for "spark/partials/test.ftl"("en_US", UTF-8, parsed) from "jar:file:/C:/Users/Asus/.m2/repository/com/aventstack/extentreports/5.0.9/extentreports-5.0.9.jar!/com/aventstack/extentreports/templates/spark/partials/test.ftl"
[DEBUG] 2023-09-07 21:15:01.188 [main] cache - Couldn't find template in cache for "spark/partials/standard-content.ftl"("en_US", UTF-8, parsed); will try to load it.
[DEBUG] 2023-09-07 21:15:01.189 [main] cache - TemplateLoader.findTemplateSource("spark/partials/standard-content_en_US.ftl"): Not found
[DEBUG] 2023-09-07 21:15:01.190 [main] cache - TemplateLoader.findTemplateSource("spark/partials/standard-content_en.ftl"): Not found
[DEBUG] 2023-09-07 21:15:01.190 [main] cache - TemplateLoader.findTemplateSource("spark/partials/standard-content.ftl"): Found
[DEBUG] 2023-09-07 21:15:01.190 [main] cache - Loading template for "spark/partials/standard-content.ftl"("en_US", UTF-8, parsed) from "jar:file:/C:/Users/Asus/.m2/repository/com/aventstack/extentreports/5.0.9/extentreports-5.0.9.jar!/com/aventstack/extentreports/templates/spark/partials/standard-content.ftl"
[DEBUG] 2023-09-07 21:15:01.202 [main] cache - Couldn't find template in cache for "spark/partials/exception.ftl"("en_US", UTF-8, parsed); will try to load it.
[DEBUG] 2023-09-07 21:15:01.203 [main] cache - TemplateLoader.findTemplateSource("spark/partials/exception_en_US.ftl"): Not found
[DEBUG] 2023-09-07 21:15:01.203 [main] cache - TemplateLoader.findTemplateSource("spark/partials/exception_en.ftl"): Not found
[DEBUG] 2023-09-07 21:15:01.204 [main] cache - TemplateLoader.findTemplateSource("spark/partials/exception.ftl"): Found
[DEBUG] 2023-09-07 21:15:01.204 [main] cache - Loading template for "spark/partials/exception.ftl"("en_US", UTF-8, parsed) from "jar:file:/C:/Users/Asus/.m2/repository/com/aventstack/extentreports/5.0.9/extentreports-5.0.9.jar!/com/aventstack/extentreports/templates/spark/partials/exception.ftl"
[DEBUG] 2023-09-07 21:15:01.209 [main] cache - Couldn't find template in cache for "spark/partials/log.ftl"("en_US", UTF-8, parsed); will try to load it.
[DEBUG] 2023-09-07 21:15:01.209 [main] cache - TemplateLoader.findTemplateSource("spark/partials/log_en_US.ftl"): Not found
[DEBUG] 2023-09-07 21:15:01.211 [main] cache - TemplateLoader.findTemplateSource("spark/partials/log_en.ftl"): Not found
[DEBUG] 2023-09-07 21:15:01.211 [main] cache - TemplateLoader.findTemplateSource("spark/partials/log.ftl"): Found
[DEBUG] 2023-09-07 21:15:01.211 [main] cache - Loading template for "spark/partials/log.ftl"("en_US", UTF-8, parsed) from "jar:file:/C:/Users/Asus/.m2/repository/com/aventstack/extentreports/5.0.9/extentreports-5.0.9.jar!/com/aventstack/extentreports/templates/spark/partials/log.ftl"
[DEBUG] 2023-09-07 21:15:01.213 [main] cache - Couldn't find template in cache for "spark/partials/scripts.ftl"("en_US", UTF-8, parsed); will try to load it.
[DEBUG] 2023-09-07 21:15:01.214 [main] cache - TemplateLoader.findTemplateSource("spark/partials/scripts_en_US.ftl"): Not found
[DEBUG] 2023-09-07 21:15:01.214 [main] cache - TemplateLoader.findTemplateSource("spark/partials/scripts_en.ftl"): Not found
[DEBUG] 2023-09-07 21:15:01.214 [main] cache - TemplateLoader.findTemplateSource("spark/partials/scripts.ftl"): Found
[DEBUG] 2023-09-07 21:15:01.215 [main] cache - Loading template for "spark/partials/scripts.ftl"("en_US", UTF-8, parsed) from "jar:file:/C:/Users/Asus/.m2/repository/com/aventstack/extentreports/5.0.9/extentreports-5.0.9.jar!/com/aventstack/extentreports/templates/spark/partials/scripts.ftl"
[DEBUG] 2023-09-07 21:15:01.216 [main] cache - Couldn't find template in cache for "commons/commons-inject-js.ftl"("en_US", UTF-8, parsed); will try to load it.
[DEBUG] 2023-09-07 21:15:01.217 [main] cache - TemplateLoader.findTemplateSource("commons/commons-inject-js_en_US.ftl"): Not found
[DEBUG] 2023-09-07 21:15:01.217 [main] cache - TemplateLoader.findTemplateSource("commons/commons-inject-js_en.ftl"): Not found
[DEBUG] 2023-09-07 21:15:01.218 [main] cache - TemplateLoader.findTemplateSource("commons/commons-inject-js.ftl"): Found
[DEBUG] 2023-09-07 21:15:01.218 [main] cache - Loading template for "commons/commons-inject-js.ftl"("en_US", UTF-8, parsed) from "jar:file:/C:/Users/Asus/.m2/repository/com/aventstack/extentreports/5.0.9/extentreports-5.0.9.jar!/com/aventstack/extentreports/templates/commons/commons-inject-js.ftl"
[INFO ] 2023-09-07 21:15:01.224 [main] ReportManager - File Action "DoesFileExist" successfully performed. With the following test data "File Path: "allure-results/cucumberReport.html"".
[INFO ] 2023-09-07 21:15:01.232 [main] ReportManager - Successfully created attachment 'HTML - Checkpoints Report'
[INFO ] 2023-09-07 21:15:01.244 [main] ReportManager - Successfully created attachment 'SHAFT Engine Logs - Issues log CSV: 20230907-211501'
[INFO ] 2023-09-07 21:15:01.337 [main] ReportManager - Successfully Closed Driver.
[INFO ] 2023-09-07 21:15:01.342 [main] ReportManager - ===============================================
[INFO ] 2023-09-07 21:15:01.342 [main] ReportManager - Suite
[INFO ] 2023-09-07 21:15:01.342 [main] ReportManager - Total tests run: 1, Passes: 0, Failures: 1, Skips: 0
[INFO ] 2023-09-07 21:15:01.342 [main] ReportManager - ===============================================
[INFO ] 2023-09-07 21:15:01.346 [main] ReportManager - File Action "GetAbsolutePath" successfully performed. With the following test data "Relative File Path: "execution-summary/ExecutionSummaryReport_07-09-2023_21-15-01-0344-PM.html"".
[INFO ] 2023-09-07 21:15:01.347 [main] ReportManager - File Action "WriteToFile" successfully performed. With the following test data "Target File Path: "C:\Users\Asus\IdeaProjects\Shaft_example\execution-summary\ExecutionSummaryReport_07-09-2023_21-15-01-0344-PM.html"".
[INFO ] 2023-09-07 21:15:01.353 [main] ReportManager - Executing: ".\execution-summary/ExecutionSummaryReport_*.html" locally.
[INFO ] 2023-09-07 21:15:02.320 [main] ReportManager - Terminal Action "PerformTerminalCommands" successfully performed. With the following test data "Host Name: "localHost" | Command: ".\execution-summary/ExecutionSummaryReport_*.html" | Exit Status: "0"".
[INFO ] 2023-09-07 21:15:02.321 [main] ReportManager - 
[0;7m------------------------------------------------------------------------------------------------------------------------------------------------
                                                         Test Execution Summary Results                                                         
                                              Total Cases: 1 --> Passed: 0 | Failed: 1 | Skipped: 0                                              
------------------------------------------------------------------------------------------------------------------------------------------------
[0m
[INFO ] 2023-09-07 21:15:02.321 [main] ReportManager - 
[0;7m------------------------------------------------------------------------------------------------------------------------------------------------
                                               This test run was powered by [1m7.3.20230804[22m                                               
                               SHAFT [1;4mis and will always be 100% FREE[22;24m for commercial and private use                               
                                                   in compliance with the [1mMIT license[22m                                                   
                                   Visit SHAFT's user guide [4mhttps://shafthq.github.io/[24m to learn more                                   
------------------------------------------------------------------------------------------------------------------------------------------------
[0m
